ARM GAS  C:\Users\opatiny\AppData\Local\Temp\ccCbAIku.s 			page 1


   1              		.cpu cortex-m4
   2              		.eabi_attribute 27, 1
   3              		.eabi_attribute 28, 1
   4              		.eabi_attribute 20, 1
   5              		.eabi_attribute 21, 1
   6              		.eabi_attribute 23, 3
   7              		.eabi_attribute 24, 1
   8              		.eabi_attribute 25, 1
   9              		.eabi_attribute 26, 1
  10              		.eabi_attribute 30, 1
  11              		.eabi_attribute 34, 1
  12              		.eabi_attribute 18, 4
  13              		.file	"gpio.c"
  14              		.text
  15              	.Ltext0:
  16              		.cfi_sections	.debug_frame
  17              		.section	.text.MX_GPIO_Init,"ax",%progbits
  18              		.align	1
  19              		.global	MX_GPIO_Init
  20              		.arch armv7e-m
  21              		.syntax unified
  22              		.thumb
  23              		.thumb_func
  24              		.fpu fpv4-sp-d16
  26              	MX_GPIO_Init:
  27              	.LFB126:
  28              		.file 1 "Core/Src/gpio.c"
   1:Core/Src/gpio.c **** /**
   2:Core/Src/gpio.c ****   ******************************************************************************
   3:Core/Src/gpio.c ****   * File Name          : gpio.c
   4:Core/Src/gpio.c ****   * Description        : This file provides code for the configuration
   5:Core/Src/gpio.c ****   *                      of all used GPIO pins.
   6:Core/Src/gpio.c ****   ******************************************************************************
   7:Core/Src/gpio.c ****   * @attention
   8:Core/Src/gpio.c ****   *
   9:Core/Src/gpio.c ****   * <h2><center>&copy; Copyright (c) 2019 STMicroelectronics.
  10:Core/Src/gpio.c ****   * All rights reserved.</center></h2>
  11:Core/Src/gpio.c ****   *
  12:Core/Src/gpio.c ****   * This software component is licensed by ST under BSD 3-Clause license,
  13:Core/Src/gpio.c ****   * the "License"; You may not use this file except in compliance with the
  14:Core/Src/gpio.c ****   * License. You may obtain a copy of the License at:
  15:Core/Src/gpio.c ****   *                        opensource.org/licenses/BSD-3-Clause
  16:Core/Src/gpio.c ****   *
  17:Core/Src/gpio.c ****   ******************************************************************************
  18:Core/Src/gpio.c ****   */
  19:Core/Src/gpio.c **** 
  20:Core/Src/gpio.c **** /* Includes ------------------------------------------------------------------*/
  21:Core/Src/gpio.c **** #include "gpio.h"
  22:Core/Src/gpio.c **** /* USER CODE BEGIN 0 */
  23:Core/Src/gpio.c **** 
  24:Core/Src/gpio.c **** /* USER CODE END 0 */
  25:Core/Src/gpio.c **** 
  26:Core/Src/gpio.c **** /*----------------------------------------------------------------------------*/
  27:Core/Src/gpio.c **** /* Configure GPIO                                                             */
  28:Core/Src/gpio.c **** /*----------------------------------------------------------------------------*/
  29:Core/Src/gpio.c **** /* USER CODE BEGIN 1 */
  30:Core/Src/gpio.c **** 
ARM GAS  C:\Users\opatiny\AppData\Local\Temp\ccCbAIku.s 			page 2


  31:Core/Src/gpio.c **** /* USER CODE END 1 */
  32:Core/Src/gpio.c **** 
  33:Core/Src/gpio.c **** /** Configure pins as 
  34:Core/Src/gpio.c ****         * Analog 
  35:Core/Src/gpio.c ****         * Input 
  36:Core/Src/gpio.c ****         * Output
  37:Core/Src/gpio.c ****         * EVENT_OUT
  38:Core/Src/gpio.c ****         * EXTI
  39:Core/Src/gpio.c **** */
  40:Core/Src/gpio.c **** void MX_GPIO_Init(void)
  41:Core/Src/gpio.c **** {
  29              		.loc 1 41 1 view -0
  30              		.cfi_startproc
  31              		@ args = 0, pretend = 0, frame = 32
  32              		@ frame_needed = 0, uses_anonymous_args = 0
  33 0000 10B5     		push	{r4, lr}
  34              	.LCFI0:
  35              		.cfi_def_cfa_offset 8
  36              		.cfi_offset 4, -8
  37              		.cfi_offset 14, -4
  38 0002 88B0     		sub	sp, sp, #32
  39              	.LCFI1:
  40              		.cfi_def_cfa_offset 40
  42:Core/Src/gpio.c **** 
  43:Core/Src/gpio.c ****   GPIO_InitTypeDef GPIO_InitStruct = {0};
  41              		.loc 1 43 3 view .LVU1
  42              		.loc 1 43 20 is_stmt 0 view .LVU2
  43 0004 0024     		movs	r4, #0
  44 0006 0394     		str	r4, [sp, #12]
  45 0008 0494     		str	r4, [sp, #16]
  46 000a 0594     		str	r4, [sp, #20]
  47 000c 0694     		str	r4, [sp, #24]
  48 000e 0794     		str	r4, [sp, #28]
  44:Core/Src/gpio.c **** 
  45:Core/Src/gpio.c ****   /* GPIO Ports Clock Enable */
  46:Core/Src/gpio.c ****   __HAL_RCC_GPIOF_CLK_ENABLE();
  49              		.loc 1 46 3 is_stmt 1 view .LVU3
  50              	.LBB2:
  51              		.loc 1 46 3 view .LVU4
  52              		.loc 1 46 3 view .LVU5
  53 0010 124B     		ldr	r3, .L3
  54 0012 5A69     		ldr	r2, [r3, #20]
  55 0014 42F48002 		orr	r2, r2, #4194304
  56 0018 5A61     		str	r2, [r3, #20]
  57              		.loc 1 46 3 view .LVU6
  58 001a 5A69     		ldr	r2, [r3, #20]
  59 001c 02F48002 		and	r2, r2, #4194304
  60 0020 0192     		str	r2, [sp, #4]
  61              		.loc 1 46 3 view .LVU7
  62 0022 019A     		ldr	r2, [sp, #4]
  63              	.LBE2:
  47:Core/Src/gpio.c ****   __HAL_RCC_GPIOA_CLK_ENABLE();
  64              		.loc 1 47 3 view .LVU8
  65              	.LBB3:
  66              		.loc 1 47 3 view .LVU9
  67              		.loc 1 47 3 view .LVU10
  68 0024 5A69     		ldr	r2, [r3, #20]
ARM GAS  C:\Users\opatiny\AppData\Local\Temp\ccCbAIku.s 			page 3


  69 0026 42F40032 		orr	r2, r2, #131072
  70 002a 5A61     		str	r2, [r3, #20]
  71              		.loc 1 47 3 view .LVU11
  72 002c 5B69     		ldr	r3, [r3, #20]
  73 002e 03F40033 		and	r3, r3, #131072
  74 0032 0293     		str	r3, [sp, #8]
  75              		.loc 1 47 3 view .LVU12
  76 0034 029B     		ldr	r3, [sp, #8]
  77              	.LBE3:
  48:Core/Src/gpio.c **** 
  49:Core/Src/gpio.c ****   /*Configure GPIO pin Output Level */
  50:Core/Src/gpio.c ****   HAL_GPIO_WritePin(LD2_GPIO_Port, LD2_Pin, GPIO_PIN_RESET);
  78              		.loc 1 50 3 view .LVU13
  79 0036 2246     		mov	r2, r4
  80 0038 2021     		movs	r1, #32
  81 003a 4FF09040 		mov	r0, #1207959552
  82 003e FFF7FEFF 		bl	HAL_GPIO_WritePin
  83              	.LVL0:
  51:Core/Src/gpio.c **** 
  52:Core/Src/gpio.c ****   /*Configure GPIO pin : PtPin */
  53:Core/Src/gpio.c ****   GPIO_InitStruct.Pin = LD2_Pin;
  84              		.loc 1 53 3 view .LVU14
  85              		.loc 1 53 23 is_stmt 0 view .LVU15
  86 0042 2023     		movs	r3, #32
  87 0044 0393     		str	r3, [sp, #12]
  54:Core/Src/gpio.c ****   GPIO_InitStruct.Mode = GPIO_MODE_OUTPUT_PP;
  88              		.loc 1 54 3 is_stmt 1 view .LVU16
  89              		.loc 1 54 24 is_stmt 0 view .LVU17
  90 0046 0123     		movs	r3, #1
  91 0048 0493     		str	r3, [sp, #16]
  55:Core/Src/gpio.c ****   GPIO_InitStruct.Pull = GPIO_NOPULL;
  92              		.loc 1 55 3 is_stmt 1 view .LVU18
  93              		.loc 1 55 24 is_stmt 0 view .LVU19
  94 004a 0594     		str	r4, [sp, #20]
  56:Core/Src/gpio.c ****   GPIO_InitStruct.Speed = GPIO_SPEED_FREQ_LOW;
  95              		.loc 1 56 3 is_stmt 1 view .LVU20
  96              		.loc 1 56 25 is_stmt 0 view .LVU21
  97 004c 0694     		str	r4, [sp, #24]
  57:Core/Src/gpio.c ****   HAL_GPIO_Init(LD2_GPIO_Port, &GPIO_InitStruct);
  98              		.loc 1 57 3 is_stmt 1 view .LVU22
  99 004e 03A9     		add	r1, sp, #12
 100 0050 4FF09040 		mov	r0, #1207959552
 101 0054 FFF7FEFF 		bl	HAL_GPIO_Init
 102              	.LVL1:
  58:Core/Src/gpio.c **** 
  59:Core/Src/gpio.c **** }
 103              		.loc 1 59 1 is_stmt 0 view .LVU23
 104 0058 08B0     		add	sp, sp, #32
 105              	.LCFI2:
 106              		.cfi_def_cfa_offset 8
 107              		@ sp needed
 108 005a 10BD     		pop	{r4, pc}
 109              	.L4:
 110              		.align	2
 111              	.L3:
 112 005c 00100240 		.word	1073876992
 113              		.cfi_endproc
ARM GAS  C:\Users\opatiny\AppData\Local\Temp\ccCbAIku.s 			page 4


 114              	.LFE126:
 116              		.text
 117              	.Letext0:
 118              		.file 2 "c:\\vsarm\\armcc\\arm-none-eabi\\include\\machine\\_default_types.h"
 119              		.file 3 "c:\\vsarm\\armcc\\arm-none-eabi\\include\\sys\\_stdint.h"
 120              		.file 4 "Drivers/CMSIS/Include/core_cm4.h"
 121              		.file 5 "Drivers/CMSIS/Device/ST/STM32F3xx/Include/system_stm32f3xx.h"
 122              		.file 6 "Drivers/CMSIS/Device/ST/STM32F3xx/Include/stm32f303xe.h"
 123              		.file 7 "c:\\vsarm\\armcc\\arm-none-eabi\\include\\sys\\lock.h"
 124              		.file 8 "c:\\vsarm\\armcc\\arm-none-eabi\\include\\sys\\_types.h"
 125              		.file 9 "c:\\vsarm\\armcc\\lib\\gcc\\arm-none-eabi\\8.2.1\\include\\stddef.h"
 126              		.file 10 "c:\\vsarm\\armcc\\arm-none-eabi\\include\\sys\\reent.h"
 127              		.file 11 "Drivers/STM32F3xx_HAL_Driver/Inc/stm32f3xx_hal_gpio.h"
 128              		.file 12 "Drivers/STM32F3xx_HAL_Driver/Inc/stm32f3xx_hal.h"
ARM GAS  C:\Users\opatiny\AppData\Local\Temp\ccCbAIku.s 			page 5


DEFINED SYMBOLS
                            *ABS*:00000000 gpio.c
C:\Users\opatiny\AppData\Local\Temp\ccCbAIku.s:18     .text.MX_GPIO_Init:00000000 $t
C:\Users\opatiny\AppData\Local\Temp\ccCbAIku.s:26     .text.MX_GPIO_Init:00000000 MX_GPIO_Init
C:\Users\opatiny\AppData\Local\Temp\ccCbAIku.s:112    .text.MX_GPIO_Init:0000005c $d

UNDEFINED SYMBOLS
HAL_GPIO_WritePin
HAL_GPIO_Init
