ARM GAS  C:\Users\opatiny\AppData\Local\Temp\ccN7V1lC.s 			page 1


   1              		.cpu cortex-m4
   2              		.eabi_attribute 27, 1
   3              		.eabi_attribute 28, 1
   4              		.eabi_attribute 20, 1
   5              		.eabi_attribute 21, 1
   6              		.eabi_attribute 23, 3
   7              		.eabi_attribute 24, 1
   8              		.eabi_attribute 25, 1
   9              		.eabi_attribute 26, 1
  10              		.eabi_attribute 30, 1
  11              		.eabi_attribute 34, 1
  12              		.eabi_attribute 18, 4
  13              		.file	"main.c"
  14              		.text
  15              	.Ltext0:
  16              		.cfi_sections	.debug_frame
  17              		.section	.text.SystemClock_Config,"ax",%progbits
  18              		.align	1
  19              		.global	SystemClock_Config
  20              		.arch armv7e-m
  21              		.syntax unified
  22              		.thumb
  23              		.thumb_func
  24              		.fpu fpv4-sp-d16
  26              	SystemClock_Config:
  27              	.LFB127:
  28              		.file 1 "Core/Src/main.c"
   1:Core/Src/main.c **** /* USER CODE BEGIN Header */
   2:Core/Src/main.c **** /**
   3:Core/Src/main.c ****   ******************************************************************************
   4:Core/Src/main.c ****   * @file           : main.c
   5:Core/Src/main.c ****   * @brief          : Main program body
   6:Core/Src/main.c ****   ******************************************************************************
   7:Core/Src/main.c ****   * @attention
   8:Core/Src/main.c ****   *
   9:Core/Src/main.c ****   * <h2><center>&copy; Copyright (c) 2019 STMicroelectronics.
  10:Core/Src/main.c ****   * All rights reserved.</center></h2>
  11:Core/Src/main.c ****   *
  12:Core/Src/main.c ****   * This software component is licensed by ST under BSD 3-Clause license,
  13:Core/Src/main.c ****   * the "License"; You may not use this file except in compliance with the
  14:Core/Src/main.c ****   * License. You may obtain a copy of the License at:
  15:Core/Src/main.c ****   *                        opensource.org/licenses/BSD-3-Clause
  16:Core/Src/main.c ****   *
  17:Core/Src/main.c ****   ******************************************************************************
  18:Core/Src/main.c ****   */
  19:Core/Src/main.c **** /* USER CODE END Header */
  20:Core/Src/main.c **** 
  21:Core/Src/main.c **** /* Includes ------------------------------------------------------------------*/
  22:Core/Src/main.c **** #include "main.h"
  23:Core/Src/main.c **** #include "tim.h"
  24:Core/Src/main.c **** #include "gpio.h"
  25:Core/Src/main.c **** 
  26:Core/Src/main.c **** /* Private includes ----------------------------------------------------------*/
  27:Core/Src/main.c **** /* USER CODE BEGIN Includes */
  28:Core/Src/main.c **** 
  29:Core/Src/main.c **** /* USER CODE END Includes */
  30:Core/Src/main.c **** 
ARM GAS  C:\Users\opatiny\AppData\Local\Temp\ccN7V1lC.s 			page 2


  31:Core/Src/main.c **** /* Private typedef -----------------------------------------------------------*/
  32:Core/Src/main.c **** /* USER CODE BEGIN PTD */
  33:Core/Src/main.c **** 
  34:Core/Src/main.c **** /* USER CODE END PTD */
  35:Core/Src/main.c **** 
  36:Core/Src/main.c **** /* Private define ------------------------------------------------------------*/
  37:Core/Src/main.c **** /* USER CODE BEGIN PD */
  38:Core/Src/main.c **** 
  39:Core/Src/main.c **** /* USER CODE END PD */
  40:Core/Src/main.c **** 
  41:Core/Src/main.c **** /* Private macro -------------------------------------------------------------*/
  42:Core/Src/main.c **** /* USER CODE BEGIN PM */
  43:Core/Src/main.c **** 
  44:Core/Src/main.c **** /* USER CODE END PM */
  45:Core/Src/main.c **** 
  46:Core/Src/main.c **** /* Private variables ---------------------------------------------------------*/
  47:Core/Src/main.c **** 
  48:Core/Src/main.c **** /* USER CODE BEGIN PV */
  49:Core/Src/main.c **** 
  50:Core/Src/main.c **** /* USER CODE END PV */
  51:Core/Src/main.c **** 
  52:Core/Src/main.c **** /* Private function prototypes -----------------------------------------------*/
  53:Core/Src/main.c **** void SystemClock_Config(void);
  54:Core/Src/main.c **** /* USER CODE BEGIN PFP */
  55:Core/Src/main.c **** 
  56:Core/Src/main.c **** /* USER CODE END PFP */
  57:Core/Src/main.c **** 
  58:Core/Src/main.c **** /* Private user code ---------------------------------------------------------*/
  59:Core/Src/main.c **** /* USER CODE BEGIN 0 */
  60:Core/Src/main.c **** 
  61:Core/Src/main.c **** /* USER CODE END 0 */
  62:Core/Src/main.c **** 
  63:Core/Src/main.c **** /**
  64:Core/Src/main.c ****   * @brief  The application entry point.
  65:Core/Src/main.c ****   * @retval int
  66:Core/Src/main.c ****   */
  67:Core/Src/main.c **** int main(void)
  68:Core/Src/main.c **** {
  69:Core/Src/main.c ****   /* USER CODE BEGIN 1 */
  70:Core/Src/main.c **** 
  71:Core/Src/main.c ****   /* USER CODE END 1 */
  72:Core/Src/main.c ****   
  73:Core/Src/main.c **** 
  74:Core/Src/main.c ****   /* MCU Configuration--------------------------------------------------------*/
  75:Core/Src/main.c **** 
  76:Core/Src/main.c ****   /* Reset of all peripherals, Initializes the Flash interface and the Systick. */
  77:Core/Src/main.c ****   HAL_Init();
  78:Core/Src/main.c **** 
  79:Core/Src/main.c ****   /* USER CODE BEGIN Init */
  80:Core/Src/main.c **** 
  81:Core/Src/main.c ****   /* USER CODE END Init */
  82:Core/Src/main.c **** 
  83:Core/Src/main.c ****   /* Configure the system clock */
  84:Core/Src/main.c ****   SystemClock_Config();
  85:Core/Src/main.c **** 
  86:Core/Src/main.c ****   /* USER CODE BEGIN SysInit */
  87:Core/Src/main.c **** 
ARM GAS  C:\Users\opatiny\AppData\Local\Temp\ccN7V1lC.s 			page 3


  88:Core/Src/main.c ****   /* USER CODE END SysInit */
  89:Core/Src/main.c **** 
  90:Core/Src/main.c ****   /* Initialize all configured peripherals */
  91:Core/Src/main.c ****   MX_GPIO_Init();
  92:Core/Src/main.c ****   MX_TIM2_Init();
  93:Core/Src/main.c ****   /* USER CODE BEGIN 2 */
  94:Core/Src/main.c ****   HAL_TIM_PWM_Start(&htim2, TIM_CHANNEL_1);
  95:Core/Src/main.c ****   /* USER CODE END 2 */
  96:Core/Src/main.c **** 
  97:Core/Src/main.c ****   /* Infinite loop */
  98:Core/Src/main.c ****   /* USER CODE BEGIN WHILE */
  99:Core/Src/main.c ****   while (1)
 100:Core/Src/main.c ****   {
 101:Core/Src/main.c **** 
 102:Core/Src/main.c ****     HAL_Delay(1000);
 103:Core/Src/main.c ****     HAL_GPIO_TogglePin(LD2_GPIO_Port, LD2_Pin);
 104:Core/Src/main.c ****     /* USER CODE END WHILE */
 105:Core/Src/main.c **** 
 106:Core/Src/main.c ****     /* USER CODE BEGIN 3 */
 107:Core/Src/main.c ****   }
 108:Core/Src/main.c ****   /* USER CODE END 3 */
 109:Core/Src/main.c **** }
 110:Core/Src/main.c **** 
 111:Core/Src/main.c **** /**
 112:Core/Src/main.c ****   * @brief System Clock Configuration
 113:Core/Src/main.c ****   * @retval None
 114:Core/Src/main.c ****   */
 115:Core/Src/main.c **** void SystemClock_Config(void)
 116:Core/Src/main.c **** {
  29              		.loc 1 116 1 view -0
  30              		.cfi_startproc
  31              		@ args = 0, pretend = 0, frame = 152
  32              		@ frame_needed = 0, uses_anonymous_args = 0
  33 0000 30B5     		push	{r4, r5, lr}
  34              	.LCFI0:
  35              		.cfi_def_cfa_offset 12
  36              		.cfi_offset 4, -12
  37              		.cfi_offset 5, -8
  38              		.cfi_offset 14, -4
  39 0002 A7B0     		sub	sp, sp, #156
  40              	.LCFI1:
  41              		.cfi_def_cfa_offset 168
 117:Core/Src/main.c ****   RCC_OscInitTypeDef RCC_OscInitStruct = {0};
  42              		.loc 1 117 3 view .LVU1
  43              		.loc 1 117 22 is_stmt 0 view .LVU2
  44 0004 2022     		movs	r2, #32
  45 0006 0021     		movs	r1, #0
  46 0008 1EA8     		add	r0, sp, #120
  47 000a FFF7FEFF 		bl	memset
  48              	.LVL0:
 118:Core/Src/main.c ****   RCC_ClkInitTypeDef RCC_ClkInitStruct = {0};
  49              		.loc 1 118 3 is_stmt 1 view .LVU3
  50              		.loc 1 118 22 is_stmt 0 view .LVU4
  51 000e 0024     		movs	r4, #0
  52 0010 1794     		str	r4, [sp, #92]
  53 0012 1894     		str	r4, [sp, #96]
  54 0014 1994     		str	r4, [sp, #100]
ARM GAS  C:\Users\opatiny\AppData\Local\Temp\ccN7V1lC.s 			page 4


  55 0016 1A94     		str	r4, [sp, #104]
  56 0018 1B94     		str	r4, [sp, #108]
 119:Core/Src/main.c ****   RCC_PeriphCLKInitTypeDef PeriphClkInit = {0};
  57              		.loc 1 119 3 is_stmt 1 view .LVU5
  58              		.loc 1 119 28 is_stmt 0 view .LVU6
  59 001a 5822     		movs	r2, #88
  60 001c 2146     		mov	r1, r4
  61 001e 01A8     		add	r0, sp, #4
  62 0020 FFF7FEFF 		bl	memset
  63              	.LVL1:
 120:Core/Src/main.c **** 
 121:Core/Src/main.c ****   /** Initializes the CPU, AHB and APB busses clocks 
 122:Core/Src/main.c ****   */
 123:Core/Src/main.c ****   RCC_OscInitStruct.OscillatorType = RCC_OSCILLATORTYPE_HSE;
  64              		.loc 1 123 3 is_stmt 1 view .LVU7
  65              		.loc 1 123 36 is_stmt 0 view .LVU8
  66 0024 0125     		movs	r5, #1
  67 0026 1C95     		str	r5, [sp, #112]
 124:Core/Src/main.c ****   RCC_OscInitStruct.HSEState = RCC_HSE_ON;
  68              		.loc 1 124 3 is_stmt 1 view .LVU9
  69              		.loc 1 124 30 is_stmt 0 view .LVU10
  70 0028 4FF48033 		mov	r3, #65536
  71 002c 1D93     		str	r3, [sp, #116]
 125:Core/Src/main.c ****   RCC_OscInitStruct.HSIState = RCC_HSI_ON;
  72              		.loc 1 125 3 is_stmt 1 view .LVU11
  73              		.loc 1 125 30 is_stmt 0 view .LVU12
  74 002e 1F95     		str	r5, [sp, #124]
 126:Core/Src/main.c ****   RCC_OscInitStruct.PLL.PLLState = RCC_PLL_NONE;
  75              		.loc 1 126 3 is_stmt 1 view .LVU13
 127:Core/Src/main.c ****   if (HAL_RCC_OscConfig(&RCC_OscInitStruct) != HAL_OK)
  76              		.loc 1 127 3 view .LVU14
  77              		.loc 1 127 7 is_stmt 0 view .LVU15
  78 0030 1CA8     		add	r0, sp, #112
  79 0032 FFF7FEFF 		bl	HAL_RCC_OscConfig
  80              	.LVL2:
 128:Core/Src/main.c ****   {
 129:Core/Src/main.c ****     Error_Handler();
 130:Core/Src/main.c ****   }
 131:Core/Src/main.c ****   /** Initializes the CPU, AHB and APB busses clocks 
 132:Core/Src/main.c ****   */
 133:Core/Src/main.c ****   RCC_ClkInitStruct.ClockType = RCC_CLOCKTYPE_HCLK|RCC_CLOCKTYPE_SYSCLK
  81              		.loc 1 133 3 is_stmt 1 view .LVU16
  82              		.loc 1 133 31 is_stmt 0 view .LVU17
  83 0036 0F23     		movs	r3, #15
  84 0038 1793     		str	r3, [sp, #92]
 134:Core/Src/main.c ****                               |RCC_CLOCKTYPE_PCLK1|RCC_CLOCKTYPE_PCLK2;
 135:Core/Src/main.c ****   RCC_ClkInitStruct.SYSCLKSource = RCC_SYSCLKSOURCE_HSE;
  85              		.loc 1 135 3 is_stmt 1 view .LVU18
  86              		.loc 1 135 34 is_stmt 0 view .LVU19
  87 003a 1895     		str	r5, [sp, #96]
 136:Core/Src/main.c ****   RCC_ClkInitStruct.AHBCLKDivider = RCC_SYSCLK_DIV1;
  88              		.loc 1 136 3 is_stmt 1 view .LVU20
  89              		.loc 1 136 35 is_stmt 0 view .LVU21
  90 003c 1994     		str	r4, [sp, #100]
 137:Core/Src/main.c ****   RCC_ClkInitStruct.APB1CLKDivider = RCC_HCLK_DIV1;
  91              		.loc 1 137 3 is_stmt 1 view .LVU22
  92              		.loc 1 137 36 is_stmt 0 view .LVU23
ARM GAS  C:\Users\opatiny\AppData\Local\Temp\ccN7V1lC.s 			page 5


  93 003e 1A94     		str	r4, [sp, #104]
 138:Core/Src/main.c ****   RCC_ClkInitStruct.APB2CLKDivider = RCC_HCLK_DIV1;
  94              		.loc 1 138 3 is_stmt 1 view .LVU24
  95              		.loc 1 138 36 is_stmt 0 view .LVU25
  96 0040 1B94     		str	r4, [sp, #108]
 139:Core/Src/main.c **** 
 140:Core/Src/main.c ****   if (HAL_RCC_ClockConfig(&RCC_ClkInitStruct, FLASH_LATENCY_0) != HAL_OK)
  97              		.loc 1 140 3 is_stmt 1 view .LVU26
  98              		.loc 1 140 7 is_stmt 0 view .LVU27
  99 0042 2146     		mov	r1, r4
 100 0044 17A8     		add	r0, sp, #92
 101 0046 FFF7FEFF 		bl	HAL_RCC_ClockConfig
 102              	.LVL3:
 141:Core/Src/main.c ****   {
 142:Core/Src/main.c ****     Error_Handler();
 143:Core/Src/main.c ****   }
 144:Core/Src/main.c ****   PeriphClkInit.PeriphClockSelection = RCC_PERIPHCLK_TIM2;
 103              		.loc 1 144 3 is_stmt 1 view .LVU28
 104              		.loc 1 144 38 is_stmt 0 view .LVU29
 105 004a 4FF48013 		mov	r3, #1048576
 106 004e 0193     		str	r3, [sp, #4]
 145:Core/Src/main.c ****   PeriphClkInit.Tim2ClockSelection = RCC_TIM2CLK_HCLK;
 107              		.loc 1 145 3 is_stmt 1 view .LVU30
 108              		.loc 1 145 36 is_stmt 0 view .LVU31
 109 0050 0F94     		str	r4, [sp, #60]
 146:Core/Src/main.c ****   if (HAL_RCCEx_PeriphCLKConfig(&PeriphClkInit) != HAL_OK)
 110              		.loc 1 146 3 is_stmt 1 view .LVU32
 111              		.loc 1 146 7 is_stmt 0 view .LVU33
 112 0052 01A8     		add	r0, sp, #4
 113 0054 FFF7FEFF 		bl	HAL_RCCEx_PeriphCLKConfig
 114              	.LVL4:
 147:Core/Src/main.c ****   {
 148:Core/Src/main.c ****     Error_Handler();
 149:Core/Src/main.c ****   }
 150:Core/Src/main.c **** }
 115              		.loc 1 150 1 view .LVU34
 116 0058 27B0     		add	sp, sp, #156
 117              	.LCFI2:
 118              		.cfi_def_cfa_offset 12
 119              		@ sp needed
 120 005a 30BD     		pop	{r4, r5, pc}
 121              		.cfi_endproc
 122              	.LFE127:
 124              		.section	.text.main,"ax",%progbits
 125              		.align	1
 126              		.global	main
 127              		.syntax unified
 128              		.thumb
 129              		.thumb_func
 130              		.fpu fpv4-sp-d16
 132              	main:
 133              	.LFB126:
  68:Core/Src/main.c ****   /* USER CODE BEGIN 1 */
 134              		.loc 1 68 1 is_stmt 1 view -0
 135              		.cfi_startproc
 136              		@ Volatile: function does not return.
 137              		@ args = 0, pretend = 0, frame = 0
ARM GAS  C:\Users\opatiny\AppData\Local\Temp\ccN7V1lC.s 			page 6


 138              		@ frame_needed = 0, uses_anonymous_args = 0
 139 0000 08B5     		push	{r3, lr}
 140              	.LCFI3:
 141              		.cfi_def_cfa_offset 8
 142              		.cfi_offset 3, -8
 143              		.cfi_offset 14, -4
  77:Core/Src/main.c **** 
 144              		.loc 1 77 3 view .LVU36
 145 0002 FFF7FEFF 		bl	HAL_Init
 146              	.LVL5:
  84:Core/Src/main.c **** 
 147              		.loc 1 84 3 view .LVU37
 148 0006 FFF7FEFF 		bl	SystemClock_Config
 149              	.LVL6:
  91:Core/Src/main.c ****   MX_TIM2_Init();
 150              		.loc 1 91 3 view .LVU38
 151 000a FFF7FEFF 		bl	MX_GPIO_Init
 152              	.LVL7:
  92:Core/Src/main.c ****   /* USER CODE BEGIN 2 */
 153              		.loc 1 92 3 view .LVU39
 154 000e FFF7FEFF 		bl	MX_TIM2_Init
 155              	.LVL8:
  94:Core/Src/main.c ****   /* USER CODE END 2 */
 156              		.loc 1 94 3 view .LVU40
 157 0012 0021     		movs	r1, #0
 158 0014 0648     		ldr	r0, .L6
 159 0016 FFF7FEFF 		bl	HAL_TIM_PWM_Start
 160              	.LVL9:
 161              	.L4:
  99:Core/Src/main.c ****   {
 162              		.loc 1 99 3 discriminator 1 view .LVU41
 102:Core/Src/main.c ****     HAL_GPIO_TogglePin(LD2_GPIO_Port, LD2_Pin);
 163              		.loc 1 102 5 discriminator 1 view .LVU42
 164 001a 4FF47A70 		mov	r0, #1000
 165 001e FFF7FEFF 		bl	HAL_Delay
 166              	.LVL10:
 103:Core/Src/main.c ****     /* USER CODE END WHILE */
 167              		.loc 1 103 5 discriminator 1 view .LVU43
 168 0022 2021     		movs	r1, #32
 169 0024 4FF09040 		mov	r0, #1207959552
 170 0028 FFF7FEFF 		bl	HAL_GPIO_TogglePin
 171              	.LVL11:
 172 002c F5E7     		b	.L4
 173              	.L7:
 174 002e 00BF     		.align	2
 175              	.L6:
 176 0030 00000000 		.word	htim2
 177              		.cfi_endproc
 178              	.LFE126:
 180              		.section	.text.Error_Handler,"ax",%progbits
 181              		.align	1
 182              		.global	Error_Handler
 183              		.syntax unified
 184              		.thumb
 185              		.thumb_func
 186              		.fpu fpv4-sp-d16
 188              	Error_Handler:
ARM GAS  C:\Users\opatiny\AppData\Local\Temp\ccN7V1lC.s 			page 7


 189              	.LFB128:
 151:Core/Src/main.c **** 
 152:Core/Src/main.c **** /* USER CODE BEGIN 4 */
 153:Core/Src/main.c **** 
 154:Core/Src/main.c **** /* USER CODE END 4 */
 155:Core/Src/main.c **** 
 156:Core/Src/main.c **** /**
 157:Core/Src/main.c ****   * @brief  This function is executed in case of error occurrence.
 158:Core/Src/main.c ****   * @retval None
 159:Core/Src/main.c ****   */
 160:Core/Src/main.c **** void Error_Handler(void)
 161:Core/Src/main.c **** {
 190              		.loc 1 161 1 view -0
 191              		.cfi_startproc
 192              		@ args = 0, pretend = 0, frame = 0
 193              		@ frame_needed = 0, uses_anonymous_args = 0
 194              		@ link register save eliminated.
 162:Core/Src/main.c ****   /* USER CODE BEGIN Error_Handler_Debug */
 163:Core/Src/main.c ****   /* User can add his own implementation to report the HAL error return state */
 164:Core/Src/main.c **** 
 165:Core/Src/main.c ****   /* USER CODE END Error_Handler_Debug */
 166:Core/Src/main.c **** }
 195              		.loc 1 166 1 view .LVU45
 196 0000 7047     		bx	lr
 197              		.cfi_endproc
 198              	.LFE128:
 200              		.text
 201              	.Letext0:
 202              		.file 2 "c:\\vsarm\\armcc\\arm-none-eabi\\include\\machine\\_default_types.h"
 203              		.file 3 "c:\\vsarm\\armcc\\arm-none-eabi\\include\\sys\\_stdint.h"
 204              		.file 4 "Drivers/CMSIS/Include/core_cm4.h"
 205              		.file 5 "Drivers/CMSIS/Device/ST/STM32F3xx/Include/system_stm32f3xx.h"
 206              		.file 6 "Drivers/CMSIS/Device/ST/STM32F3xx/Include/stm32f303xe.h"
 207              		.file 7 "c:\\vsarm\\armcc\\arm-none-eabi\\include\\sys\\lock.h"
 208              		.file 8 "c:\\vsarm\\armcc\\arm-none-eabi\\include\\sys\\_types.h"
 209              		.file 9 "c:\\vsarm\\armcc\\lib\\gcc\\arm-none-eabi\\8.2.1\\include\\stddef.h"
 210              		.file 10 "c:\\vsarm\\armcc\\arm-none-eabi\\include\\sys\\reent.h"
 211              		.file 11 "Drivers/STM32F3xx_HAL_Driver/Inc/stm32f3xx_hal_def.h"
 212              		.file 12 "Drivers/STM32F3xx_HAL_Driver/Inc/stm32f3xx_hal_rcc.h"
 213              		.file 13 "Drivers/STM32F3xx_HAL_Driver/Inc/stm32f3xx_hal_rcc_ex.h"
 214              		.file 14 "Drivers/STM32F3xx_HAL_Driver/Inc/stm32f3xx_hal_dma.h"
 215              		.file 15 "Drivers/STM32F3xx_HAL_Driver/Inc/stm32f3xx_hal_tim.h"
 216              		.file 16 "Drivers/STM32F3xx_HAL_Driver/Inc/stm32f3xx_hal.h"
 217              		.file 17 "Core/Inc/tim.h"
 218              		.file 18 "Core/Inc/gpio.h"
 219              		.file 19 "Drivers/STM32F3xx_HAL_Driver/Inc/stm32f3xx_hal_gpio.h"
 220              		.file 20 "<built-in>"
ARM GAS  C:\Users\opatiny\AppData\Local\Temp\ccN7V1lC.s 			page 8


DEFINED SYMBOLS
                            *ABS*:00000000 main.c
C:\Users\opatiny\AppData\Local\Temp\ccN7V1lC.s:18     .text.SystemClock_Config:00000000 $t
C:\Users\opatiny\AppData\Local\Temp\ccN7V1lC.s:26     .text.SystemClock_Config:00000000 SystemClock_Config
C:\Users\opatiny\AppData\Local\Temp\ccN7V1lC.s:125    .text.main:00000000 $t
C:\Users\opatiny\AppData\Local\Temp\ccN7V1lC.s:132    .text.main:00000000 main
C:\Users\opatiny\AppData\Local\Temp\ccN7V1lC.s:176    .text.main:00000030 $d
C:\Users\opatiny\AppData\Local\Temp\ccN7V1lC.s:181    .text.Error_Handler:00000000 $t
C:\Users\opatiny\AppData\Local\Temp\ccN7V1lC.s:188    .text.Error_Handler:00000000 Error_Handler

UNDEFINED SYMBOLS
memset
HAL_RCC_OscConfig
HAL_RCC_ClockConfig
HAL_RCCEx_PeriphCLKConfig
HAL_Init
MX_GPIO_Init
MX_TIM2_Init
HAL_TIM_PWM_Start
HAL_Delay
HAL_GPIO_TogglePin
htim2
