ARM GAS  C:\Users\opatiny\AppData\Local\Temp\cc82qtAk.s 			page 1


   1              		.cpu cortex-m4
   2              		.eabi_attribute 27, 1
   3              		.eabi_attribute 28, 1
   4              		.eabi_attribute 20, 1
   5              		.eabi_attribute 21, 1
   6              		.eabi_attribute 23, 3
   7              		.eabi_attribute 24, 1
   8              		.eabi_attribute 25, 1
   9              		.eabi_attribute 26, 1
  10              		.eabi_attribute 30, 1
  11              		.eabi_attribute 34, 1
  12              		.eabi_attribute 18, 4
  13              		.file	"tim.c"
  14              		.text
  15              	.Ltext0:
  16              		.cfi_sections	.debug_frame
  17              		.section	.text.HAL_TIM_PWM_MspInit,"ax",%progbits
  18              		.align	1
  19              		.global	HAL_TIM_PWM_MspInit
  20              		.arch armv7e-m
  21              		.syntax unified
  22              		.thumb
  23              		.thumb_func
  24              		.fpu fpv4-sp-d16
  26              	HAL_TIM_PWM_MspInit:
  27              	.LVL0:
  28              	.LFB127:
  29              		.file 1 "Core/Src/tim.c"
   1:Core/Src/tim.c **** /**
   2:Core/Src/tim.c ****   ******************************************************************************
   3:Core/Src/tim.c ****   * File Name          : TIM.c
   4:Core/Src/tim.c ****   * Description        : This file provides code for the configuration
   5:Core/Src/tim.c ****   *                      of the TIM instances.
   6:Core/Src/tim.c ****   ******************************************************************************
   7:Core/Src/tim.c ****   * @attention
   8:Core/Src/tim.c ****   *
   9:Core/Src/tim.c ****   * <h2><center>&copy; Copyright (c) 2019 STMicroelectronics.
  10:Core/Src/tim.c ****   * All rights reserved.</center></h2>
  11:Core/Src/tim.c ****   *
  12:Core/Src/tim.c ****   * This software component is licensed by ST under BSD 3-Clause license,
  13:Core/Src/tim.c ****   * the "License"; You may not use this file except in compliance with the
  14:Core/Src/tim.c ****   * License. You may obtain a copy of the License at:
  15:Core/Src/tim.c ****   *                        opensource.org/licenses/BSD-3-Clause
  16:Core/Src/tim.c ****   *
  17:Core/Src/tim.c ****   ******************************************************************************
  18:Core/Src/tim.c ****   */
  19:Core/Src/tim.c **** 
  20:Core/Src/tim.c **** /* Includes ------------------------------------------------------------------*/
  21:Core/Src/tim.c **** #include "tim.h"
  22:Core/Src/tim.c **** 
  23:Core/Src/tim.c **** /* USER CODE BEGIN 0 */
  24:Core/Src/tim.c **** 
  25:Core/Src/tim.c **** /* USER CODE END 0 */
  26:Core/Src/tim.c **** 
  27:Core/Src/tim.c **** TIM_HandleTypeDef htim2;
  28:Core/Src/tim.c **** 
  29:Core/Src/tim.c **** /* TIM2 init function */
ARM GAS  C:\Users\opatiny\AppData\Local\Temp\cc82qtAk.s 			page 2


  30:Core/Src/tim.c **** void MX_TIM2_Init(void)
  31:Core/Src/tim.c **** {
  32:Core/Src/tim.c ****   TIM_MasterConfigTypeDef sMasterConfig = {0};
  33:Core/Src/tim.c ****   TIM_OC_InitTypeDef sConfigOC = {0};
  34:Core/Src/tim.c **** 
  35:Core/Src/tim.c ****   htim2.Instance = TIM2;
  36:Core/Src/tim.c ****   htim2.Init.Prescaler = 0;
  37:Core/Src/tim.c ****   htim2.Init.CounterMode = TIM_COUNTERMODE_UP;
  38:Core/Src/tim.c ****   htim2.Init.Period = 1;
  39:Core/Src/tim.c ****   htim2.Init.ClockDivision = TIM_CLOCKDIVISION_DIV1;
  40:Core/Src/tim.c ****   htim2.Init.AutoReloadPreload = TIM_AUTORELOAD_PRELOAD_DISABLE;
  41:Core/Src/tim.c ****   if (HAL_TIM_PWM_Init(&htim2) != HAL_OK)
  42:Core/Src/tim.c ****   {
  43:Core/Src/tim.c ****     Error_Handler();
  44:Core/Src/tim.c ****   }
  45:Core/Src/tim.c ****   sMasterConfig.MasterOutputTrigger = TIM_TRGO_RESET;
  46:Core/Src/tim.c ****   sMasterConfig.MasterSlaveMode = TIM_MASTERSLAVEMODE_DISABLE;
  47:Core/Src/tim.c ****   if (HAL_TIMEx_MasterConfigSynchronization(&htim2, &sMasterConfig) != HAL_OK)
  48:Core/Src/tim.c ****   {
  49:Core/Src/tim.c ****     Error_Handler();
  50:Core/Src/tim.c ****   }
  51:Core/Src/tim.c ****   sConfigOC.OCMode = TIM_OCMODE_PWM1;
  52:Core/Src/tim.c ****   sConfigOC.Pulse = 1;
  53:Core/Src/tim.c ****   sConfigOC.OCPolarity = TIM_OCPOLARITY_HIGH;
  54:Core/Src/tim.c ****   sConfigOC.OCFastMode = TIM_OCFAST_DISABLE;
  55:Core/Src/tim.c ****   if (HAL_TIM_PWM_ConfigChannel(&htim2, &sConfigOC, TIM_CHANNEL_1) != HAL_OK)
  56:Core/Src/tim.c ****   {
  57:Core/Src/tim.c ****     Error_Handler();
  58:Core/Src/tim.c ****   }
  59:Core/Src/tim.c ****   HAL_TIM_MspPostInit(&htim2);
  60:Core/Src/tim.c **** 
  61:Core/Src/tim.c **** }
  62:Core/Src/tim.c **** 
  63:Core/Src/tim.c **** void HAL_TIM_PWM_MspInit(TIM_HandleTypeDef* tim_pwmHandle)
  64:Core/Src/tim.c **** {
  30              		.loc 1 64 1 view -0
  31              		.cfi_startproc
  32              		@ args = 0, pretend = 0, frame = 8
  33              		@ frame_needed = 0, uses_anonymous_args = 0
  34              		@ link register save eliminated.
  65:Core/Src/tim.c **** 
  66:Core/Src/tim.c ****   if(tim_pwmHandle->Instance==TIM2)
  35              		.loc 1 66 3 view .LVU1
  36              		.loc 1 66 19 is_stmt 0 view .LVU2
  37 0000 0368     		ldr	r3, [r0]
  38              		.loc 1 66 5 view .LVU3
  39 0002 B3F1804F 		cmp	r3, #1073741824
  40 0006 00D0     		beq	.L7
  41 0008 7047     		bx	lr
  42              	.L7:
  64:Core/Src/tim.c **** 
  43              		.loc 1 64 1 view .LVU4
  44 000a 82B0     		sub	sp, sp, #8
  45              	.LCFI0:
  46              		.cfi_def_cfa_offset 8
  67:Core/Src/tim.c ****   {
  68:Core/Src/tim.c ****   /* USER CODE BEGIN TIM2_MspInit 0 */
ARM GAS  C:\Users\opatiny\AppData\Local\Temp\cc82qtAk.s 			page 3


  69:Core/Src/tim.c **** 
  70:Core/Src/tim.c ****   /* USER CODE END TIM2_MspInit 0 */
  71:Core/Src/tim.c ****     /* TIM2 clock enable */
  72:Core/Src/tim.c ****     __HAL_RCC_TIM2_CLK_ENABLE();
  47              		.loc 1 72 5 is_stmt 1 view .LVU5
  48              	.LBB2:
  49              		.loc 1 72 5 view .LVU6
  50              		.loc 1 72 5 view .LVU7
  51 000c 03F50433 		add	r3, r3, #135168
  52 0010 DA69     		ldr	r2, [r3, #28]
  53 0012 42F00102 		orr	r2, r2, #1
  54 0016 DA61     		str	r2, [r3, #28]
  55              		.loc 1 72 5 view .LVU8
  56 0018 DB69     		ldr	r3, [r3, #28]
  57 001a 03F00103 		and	r3, r3, #1
  58 001e 0193     		str	r3, [sp, #4]
  59              		.loc 1 72 5 view .LVU9
  60 0020 019B     		ldr	r3, [sp, #4]
  61              	.LBE2:
  73:Core/Src/tim.c ****   /* USER CODE BEGIN TIM2_MspInit 1 */
  74:Core/Src/tim.c **** 
  75:Core/Src/tim.c ****   /* USER CODE END TIM2_MspInit 1 */
  76:Core/Src/tim.c ****   }
  77:Core/Src/tim.c **** }
  62              		.loc 1 77 1 is_stmt 0 view .LVU10
  63 0022 02B0     		add	sp, sp, #8
  64              	.LCFI1:
  65              		.cfi_def_cfa_offset 0
  66              		@ sp needed
  67 0024 7047     		bx	lr
  68              		.cfi_endproc
  69              	.LFE127:
  71              		.section	.text.HAL_TIM_MspPostInit,"ax",%progbits
  72              		.align	1
  73              		.global	HAL_TIM_MspPostInit
  74              		.syntax unified
  75              		.thumb
  76              		.thumb_func
  77              		.fpu fpv4-sp-d16
  79              	HAL_TIM_MspPostInit:
  80              	.LVL1:
  81              	.LFB128:
  78:Core/Src/tim.c **** void HAL_TIM_MspPostInit(TIM_HandleTypeDef* timHandle)
  79:Core/Src/tim.c **** {
  82              		.loc 1 79 1 is_stmt 1 view -0
  83              		.cfi_startproc
  84              		@ args = 0, pretend = 0, frame = 24
  85              		@ frame_needed = 0, uses_anonymous_args = 0
  86              		.loc 1 79 1 is_stmt 0 view .LVU12
  87 0000 00B5     		push	{lr}
  88              	.LCFI2:
  89              		.cfi_def_cfa_offset 4
  90              		.cfi_offset 14, -4
  91 0002 87B0     		sub	sp, sp, #28
  92              	.LCFI3:
  93              		.cfi_def_cfa_offset 32
  80:Core/Src/tim.c **** 
ARM GAS  C:\Users\opatiny\AppData\Local\Temp\cc82qtAk.s 			page 4


  81:Core/Src/tim.c ****   GPIO_InitTypeDef GPIO_InitStruct = {0};
  94              		.loc 1 81 3 is_stmt 1 view .LVU13
  95              		.loc 1 81 20 is_stmt 0 view .LVU14
  96 0004 0023     		movs	r3, #0
  97 0006 0193     		str	r3, [sp, #4]
  98 0008 0293     		str	r3, [sp, #8]
  99 000a 0393     		str	r3, [sp, #12]
 100 000c 0493     		str	r3, [sp, #16]
 101 000e 0593     		str	r3, [sp, #20]
  82:Core/Src/tim.c ****   if(timHandle->Instance==TIM2)
 102              		.loc 1 82 3 is_stmt 1 view .LVU15
 103              		.loc 1 82 15 is_stmt 0 view .LVU16
 104 0010 0368     		ldr	r3, [r0]
 105              		.loc 1 82 5 view .LVU17
 106 0012 B3F1804F 		cmp	r3, #1073741824
 107 0016 02D0     		beq	.L11
 108              	.LVL2:
 109              	.L8:
  83:Core/Src/tim.c ****   {
  84:Core/Src/tim.c ****   /* USER CODE BEGIN TIM2_MspPostInit 0 */
  85:Core/Src/tim.c **** 
  86:Core/Src/tim.c ****   /* USER CODE END TIM2_MspPostInit 0 */
  87:Core/Src/tim.c ****   
  88:Core/Src/tim.c ****     __HAL_RCC_GPIOA_CLK_ENABLE();
  89:Core/Src/tim.c ****     /**TIM2 GPIO Configuration    
  90:Core/Src/tim.c ****     PA0     ------> TIM2_CH1 
  91:Core/Src/tim.c ****     */
  92:Core/Src/tim.c ****     GPIO_InitStruct.Pin = CLOCK_TEST_Pin;
  93:Core/Src/tim.c ****     GPIO_InitStruct.Mode = GPIO_MODE_AF_PP;
  94:Core/Src/tim.c ****     GPIO_InitStruct.Pull = GPIO_NOPULL;
  95:Core/Src/tim.c ****     GPIO_InitStruct.Speed = GPIO_SPEED_FREQ_HIGH;
  96:Core/Src/tim.c ****     GPIO_InitStruct.Alternate = GPIO_AF1_TIM2;
  97:Core/Src/tim.c ****     HAL_GPIO_Init(CLOCK_TEST_GPIO_Port, &GPIO_InitStruct);
  98:Core/Src/tim.c **** 
  99:Core/Src/tim.c ****   /* USER CODE BEGIN TIM2_MspPostInit 1 */
 100:Core/Src/tim.c **** 
 101:Core/Src/tim.c ****   /* USER CODE END TIM2_MspPostInit 1 */
 102:Core/Src/tim.c ****   }
 103:Core/Src/tim.c **** 
 104:Core/Src/tim.c **** }
 110              		.loc 1 104 1 view .LVU18
 111 0018 07B0     		add	sp, sp, #28
 112              	.LCFI4:
 113              		.cfi_remember_state
 114              		.cfi_def_cfa_offset 4
 115              		@ sp needed
 116 001a 5DF804FB 		ldr	pc, [sp], #4
 117              	.LVL3:
 118              	.L11:
 119              	.LCFI5:
 120              		.cfi_restore_state
  88:Core/Src/tim.c ****     /**TIM2 GPIO Configuration    
 121              		.loc 1 88 5 is_stmt 1 view .LVU19
 122              	.LBB3:
  88:Core/Src/tim.c ****     /**TIM2 GPIO Configuration    
 123              		.loc 1 88 5 view .LVU20
  88:Core/Src/tim.c ****     /**TIM2 GPIO Configuration    
ARM GAS  C:\Users\opatiny\AppData\Local\Temp\cc82qtAk.s 			page 5


 124              		.loc 1 88 5 view .LVU21
 125 001e 03F50433 		add	r3, r3, #135168
 126 0022 5A69     		ldr	r2, [r3, #20]
 127 0024 42F40032 		orr	r2, r2, #131072
 128 0028 5A61     		str	r2, [r3, #20]
  88:Core/Src/tim.c ****     /**TIM2 GPIO Configuration    
 129              		.loc 1 88 5 view .LVU22
 130 002a 5B69     		ldr	r3, [r3, #20]
 131 002c 03F40033 		and	r3, r3, #131072
 132 0030 0093     		str	r3, [sp]
  88:Core/Src/tim.c ****     /**TIM2 GPIO Configuration    
 133              		.loc 1 88 5 view .LVU23
 134 0032 009B     		ldr	r3, [sp]
 135              	.LBE3:
  92:Core/Src/tim.c ****     GPIO_InitStruct.Mode = GPIO_MODE_AF_PP;
 136              		.loc 1 92 5 view .LVU24
  92:Core/Src/tim.c ****     GPIO_InitStruct.Mode = GPIO_MODE_AF_PP;
 137              		.loc 1 92 25 is_stmt 0 view .LVU25
 138 0034 0123     		movs	r3, #1
 139 0036 0193     		str	r3, [sp, #4]
  93:Core/Src/tim.c ****     GPIO_InitStruct.Pull = GPIO_NOPULL;
 140              		.loc 1 93 5 is_stmt 1 view .LVU26
  93:Core/Src/tim.c ****     GPIO_InitStruct.Pull = GPIO_NOPULL;
 141              		.loc 1 93 26 is_stmt 0 view .LVU27
 142 0038 0222     		movs	r2, #2
 143 003a 0292     		str	r2, [sp, #8]
  94:Core/Src/tim.c ****     GPIO_InitStruct.Speed = GPIO_SPEED_FREQ_HIGH;
 144              		.loc 1 94 5 is_stmt 1 view .LVU28
  95:Core/Src/tim.c ****     GPIO_InitStruct.Alternate = GPIO_AF1_TIM2;
 145              		.loc 1 95 5 view .LVU29
  95:Core/Src/tim.c ****     GPIO_InitStruct.Alternate = GPIO_AF1_TIM2;
 146              		.loc 1 95 27 is_stmt 0 view .LVU30
 147 003c 0322     		movs	r2, #3
 148 003e 0492     		str	r2, [sp, #16]
  96:Core/Src/tim.c ****     HAL_GPIO_Init(CLOCK_TEST_GPIO_Port, &GPIO_InitStruct);
 149              		.loc 1 96 5 is_stmt 1 view .LVU31
  96:Core/Src/tim.c ****     HAL_GPIO_Init(CLOCK_TEST_GPIO_Port, &GPIO_InitStruct);
 150              		.loc 1 96 31 is_stmt 0 view .LVU32
 151 0040 0593     		str	r3, [sp, #20]
  97:Core/Src/tim.c **** 
 152              		.loc 1 97 5 is_stmt 1 view .LVU33
 153 0042 01A9     		add	r1, sp, #4
 154 0044 4FF09040 		mov	r0, #1207959552
 155              	.LVL4:
  97:Core/Src/tim.c **** 
 156              		.loc 1 97 5 is_stmt 0 view .LVU34
 157 0048 FFF7FEFF 		bl	HAL_GPIO_Init
 158              	.LVL5:
 159              		.loc 1 104 1 view .LVU35
 160 004c E4E7     		b	.L8
 161              		.cfi_endproc
 162              	.LFE128:
 164              		.section	.text.MX_TIM2_Init,"ax",%progbits
 165              		.align	1
 166              		.global	MX_TIM2_Init
 167              		.syntax unified
 168              		.thumb
ARM GAS  C:\Users\opatiny\AppData\Local\Temp\cc82qtAk.s 			page 6


 169              		.thumb_func
 170              		.fpu fpv4-sp-d16
 172              	MX_TIM2_Init:
 173              	.LFB126:
  31:Core/Src/tim.c ****   TIM_MasterConfigTypeDef sMasterConfig = {0};
 174              		.loc 1 31 1 is_stmt 1 view -0
 175              		.cfi_startproc
 176              		@ args = 0, pretend = 0, frame = 40
 177              		@ frame_needed = 0, uses_anonymous_args = 0
 178 0000 00B5     		push	{lr}
 179              	.LCFI6:
 180              		.cfi_def_cfa_offset 4
 181              		.cfi_offset 14, -4
 182 0002 8BB0     		sub	sp, sp, #44
 183              	.LCFI7:
 184              		.cfi_def_cfa_offset 48
  32:Core/Src/tim.c ****   TIM_OC_InitTypeDef sConfigOC = {0};
 185              		.loc 1 32 3 view .LVU37
  32:Core/Src/tim.c ****   TIM_OC_InitTypeDef sConfigOC = {0};
 186              		.loc 1 32 27 is_stmt 0 view .LVU38
 187 0004 0023     		movs	r3, #0
 188 0006 0793     		str	r3, [sp, #28]
 189 0008 0893     		str	r3, [sp, #32]
 190 000a 0993     		str	r3, [sp, #36]
  33:Core/Src/tim.c **** 
 191              		.loc 1 33 3 is_stmt 1 view .LVU39
  33:Core/Src/tim.c **** 
 192              		.loc 1 33 22 is_stmt 0 view .LVU40
 193 000c 0093     		str	r3, [sp]
 194 000e 0193     		str	r3, [sp, #4]
 195 0010 0293     		str	r3, [sp, #8]
 196 0012 0393     		str	r3, [sp, #12]
 197 0014 0493     		str	r3, [sp, #16]
 198 0016 0593     		str	r3, [sp, #20]
 199 0018 0693     		str	r3, [sp, #24]
  35:Core/Src/tim.c ****   htim2.Init.Prescaler = 0;
 200              		.loc 1 35 3 is_stmt 1 view .LVU41
  35:Core/Src/tim.c ****   htim2.Init.Prescaler = 0;
 201              		.loc 1 35 18 is_stmt 0 view .LVU42
 202 001a 1848     		ldr	r0, .L20
 203 001c 4FF08042 		mov	r2, #1073741824
 204 0020 0260     		str	r2, [r0]
  36:Core/Src/tim.c ****   htim2.Init.CounterMode = TIM_COUNTERMODE_UP;
 205              		.loc 1 36 3 is_stmt 1 view .LVU43
  36:Core/Src/tim.c ****   htim2.Init.CounterMode = TIM_COUNTERMODE_UP;
 206              		.loc 1 36 24 is_stmt 0 view .LVU44
 207 0022 4360     		str	r3, [r0, #4]
  37:Core/Src/tim.c ****   htim2.Init.Period = 1;
 208              		.loc 1 37 3 is_stmt 1 view .LVU45
  37:Core/Src/tim.c ****   htim2.Init.Period = 1;
 209              		.loc 1 37 26 is_stmt 0 view .LVU46
 210 0024 8360     		str	r3, [r0, #8]
  38:Core/Src/tim.c ****   htim2.Init.ClockDivision = TIM_CLOCKDIVISION_DIV1;
 211              		.loc 1 38 3 is_stmt 1 view .LVU47
  38:Core/Src/tim.c ****   htim2.Init.ClockDivision = TIM_CLOCKDIVISION_DIV1;
 212              		.loc 1 38 21 is_stmt 0 view .LVU48
 213 0026 0122     		movs	r2, #1
ARM GAS  C:\Users\opatiny\AppData\Local\Temp\cc82qtAk.s 			page 7


 214 0028 C260     		str	r2, [r0, #12]
  39:Core/Src/tim.c ****   htim2.Init.AutoReloadPreload = TIM_AUTORELOAD_PRELOAD_DISABLE;
 215              		.loc 1 39 3 is_stmt 1 view .LVU49
  39:Core/Src/tim.c ****   htim2.Init.AutoReloadPreload = TIM_AUTORELOAD_PRELOAD_DISABLE;
 216              		.loc 1 39 28 is_stmt 0 view .LVU50
 217 002a 0361     		str	r3, [r0, #16]
  40:Core/Src/tim.c ****   if (HAL_TIM_PWM_Init(&htim2) != HAL_OK)
 218              		.loc 1 40 3 is_stmt 1 view .LVU51
  40:Core/Src/tim.c ****   if (HAL_TIM_PWM_Init(&htim2) != HAL_OK)
 219              		.loc 1 40 32 is_stmt 0 view .LVU52
 220 002c 8361     		str	r3, [r0, #24]
  41:Core/Src/tim.c ****   {
 221              		.loc 1 41 3 is_stmt 1 view .LVU53
  41:Core/Src/tim.c ****   {
 222              		.loc 1 41 7 is_stmt 0 view .LVU54
 223 002e FFF7FEFF 		bl	HAL_TIM_PWM_Init
 224              	.LVL6:
  41:Core/Src/tim.c ****   {
 225              		.loc 1 41 6 view .LVU55
 226 0032 C8B9     		cbnz	r0, .L17
 227              	.L13:
  45:Core/Src/tim.c ****   sMasterConfig.MasterSlaveMode = TIM_MASTERSLAVEMODE_DISABLE;
 228              		.loc 1 45 3 is_stmt 1 view .LVU56
  45:Core/Src/tim.c ****   sMasterConfig.MasterSlaveMode = TIM_MASTERSLAVEMODE_DISABLE;
 229              		.loc 1 45 37 is_stmt 0 view .LVU57
 230 0034 0023     		movs	r3, #0
 231 0036 0793     		str	r3, [sp, #28]
  46:Core/Src/tim.c ****   if (HAL_TIMEx_MasterConfigSynchronization(&htim2, &sMasterConfig) != HAL_OK)
 232              		.loc 1 46 3 is_stmt 1 view .LVU58
  46:Core/Src/tim.c ****   if (HAL_TIMEx_MasterConfigSynchronization(&htim2, &sMasterConfig) != HAL_OK)
 233              		.loc 1 46 33 is_stmt 0 view .LVU59
 234 0038 0993     		str	r3, [sp, #36]
  47:Core/Src/tim.c ****   {
 235              		.loc 1 47 3 is_stmt 1 view .LVU60
  47:Core/Src/tim.c ****   {
 236              		.loc 1 47 7 is_stmt 0 view .LVU61
 237 003a 07A9     		add	r1, sp, #28
 238 003c 0F48     		ldr	r0, .L20
 239 003e FFF7FEFF 		bl	HAL_TIMEx_MasterConfigSynchronization
 240              	.LVL7:
  47:Core/Src/tim.c ****   {
 241              		.loc 1 47 6 view .LVU62
 242 0042 A0B9     		cbnz	r0, .L18
 243              	.L14:
  51:Core/Src/tim.c ****   sConfigOC.Pulse = 1;
 244              		.loc 1 51 3 is_stmt 1 view .LVU63
  51:Core/Src/tim.c ****   sConfigOC.Pulse = 1;
 245              		.loc 1 51 20 is_stmt 0 view .LVU64
 246 0044 6023     		movs	r3, #96
 247 0046 0093     		str	r3, [sp]
  52:Core/Src/tim.c ****   sConfigOC.OCPolarity = TIM_OCPOLARITY_HIGH;
 248              		.loc 1 52 3 is_stmt 1 view .LVU65
  52:Core/Src/tim.c ****   sConfigOC.OCPolarity = TIM_OCPOLARITY_HIGH;
 249              		.loc 1 52 19 is_stmt 0 view .LVU66
 250 0048 0123     		movs	r3, #1
 251 004a 0193     		str	r3, [sp, #4]
  53:Core/Src/tim.c ****   sConfigOC.OCFastMode = TIM_OCFAST_DISABLE;
ARM GAS  C:\Users\opatiny\AppData\Local\Temp\cc82qtAk.s 			page 8


 252              		.loc 1 53 3 is_stmt 1 view .LVU67
  53:Core/Src/tim.c ****   sConfigOC.OCFastMode = TIM_OCFAST_DISABLE;
 253              		.loc 1 53 24 is_stmt 0 view .LVU68
 254 004c 0022     		movs	r2, #0
 255 004e 0292     		str	r2, [sp, #8]
  54:Core/Src/tim.c ****   if (HAL_TIM_PWM_ConfigChannel(&htim2, &sConfigOC, TIM_CHANNEL_1) != HAL_OK)
 256              		.loc 1 54 3 is_stmt 1 view .LVU69
  54:Core/Src/tim.c ****   if (HAL_TIM_PWM_ConfigChannel(&htim2, &sConfigOC, TIM_CHANNEL_1) != HAL_OK)
 257              		.loc 1 54 24 is_stmt 0 view .LVU70
 258 0050 0492     		str	r2, [sp, #16]
  55:Core/Src/tim.c ****   {
 259              		.loc 1 55 3 is_stmt 1 view .LVU71
  55:Core/Src/tim.c ****   {
 260              		.loc 1 55 7 is_stmt 0 view .LVU72
 261 0052 6946     		mov	r1, sp
 262 0054 0948     		ldr	r0, .L20
 263 0056 FFF7FEFF 		bl	HAL_TIM_PWM_ConfigChannel
 264              	.LVL8:
  55:Core/Src/tim.c ****   {
 265              		.loc 1 55 6 view .LVU73
 266 005a 58B9     		cbnz	r0, .L19
 267              	.L15:
  59:Core/Src/tim.c **** 
 268              		.loc 1 59 3 is_stmt 1 view .LVU74
 269 005c 0748     		ldr	r0, .L20
 270 005e FFF7FEFF 		bl	HAL_TIM_MspPostInit
 271              	.LVL9:
  61:Core/Src/tim.c **** 
 272              		.loc 1 61 1 is_stmt 0 view .LVU75
 273 0062 0BB0     		add	sp, sp, #44
 274              	.LCFI8:
 275              		.cfi_remember_state
 276              		.cfi_def_cfa_offset 4
 277              		@ sp needed
 278 0064 5DF804FB 		ldr	pc, [sp], #4
 279              	.L17:
 280              	.LCFI9:
 281              		.cfi_restore_state
  43:Core/Src/tim.c ****   }
 282              		.loc 1 43 5 is_stmt 1 view .LVU76
 283 0068 FFF7FEFF 		bl	Error_Handler
 284              	.LVL10:
 285 006c E2E7     		b	.L13
 286              	.L18:
  49:Core/Src/tim.c ****   }
 287              		.loc 1 49 5 view .LVU77
 288 006e FFF7FEFF 		bl	Error_Handler
 289              	.LVL11:
 290 0072 E7E7     		b	.L14
 291              	.L19:
  57:Core/Src/tim.c ****   }
 292              		.loc 1 57 5 view .LVU78
 293 0074 FFF7FEFF 		bl	Error_Handler
 294              	.LVL12:
 295 0078 F0E7     		b	.L15
 296              	.L21:
 297 007a 00BF     		.align	2
ARM GAS  C:\Users\opatiny\AppData\Local\Temp\cc82qtAk.s 			page 9


 298              	.L20:
 299 007c 00000000 		.word	htim2
 300              		.cfi_endproc
 301              	.LFE126:
 303              		.section	.text.HAL_TIM_PWM_MspDeInit,"ax",%progbits
 304              		.align	1
 305              		.global	HAL_TIM_PWM_MspDeInit
 306              		.syntax unified
 307              		.thumb
 308              		.thumb_func
 309              		.fpu fpv4-sp-d16
 311              	HAL_TIM_PWM_MspDeInit:
 312              	.LVL13:
 313              	.LFB129:
 105:Core/Src/tim.c **** 
 106:Core/Src/tim.c **** void HAL_TIM_PWM_MspDeInit(TIM_HandleTypeDef* tim_pwmHandle)
 107:Core/Src/tim.c **** {
 314              		.loc 1 107 1 view -0
 315              		.cfi_startproc
 316              		@ args = 0, pretend = 0, frame = 0
 317              		@ frame_needed = 0, uses_anonymous_args = 0
 318              		@ link register save eliminated.
 108:Core/Src/tim.c **** 
 109:Core/Src/tim.c ****   if(tim_pwmHandle->Instance==TIM2)
 319              		.loc 1 109 3 view .LVU80
 320              		.loc 1 109 19 is_stmt 0 view .LVU81
 321 0000 0368     		ldr	r3, [r0]
 322              		.loc 1 109 5 view .LVU82
 323 0002 B3F1804F 		cmp	r3, #1073741824
 324 0006 00D0     		beq	.L24
 325              	.L22:
 110:Core/Src/tim.c ****   {
 111:Core/Src/tim.c ****   /* USER CODE BEGIN TIM2_MspDeInit 0 */
 112:Core/Src/tim.c **** 
 113:Core/Src/tim.c ****   /* USER CODE END TIM2_MspDeInit 0 */
 114:Core/Src/tim.c ****     /* Peripheral clock disable */
 115:Core/Src/tim.c ****     __HAL_RCC_TIM2_CLK_DISABLE();
 116:Core/Src/tim.c ****   /* USER CODE BEGIN TIM2_MspDeInit 1 */
 117:Core/Src/tim.c **** 
 118:Core/Src/tim.c ****   /* USER CODE END TIM2_MspDeInit 1 */
 119:Core/Src/tim.c ****   }
 120:Core/Src/tim.c **** } 
 326              		.loc 1 120 1 view .LVU83
 327 0008 7047     		bx	lr
 328              	.L24:
 115:Core/Src/tim.c ****   /* USER CODE BEGIN TIM2_MspDeInit 1 */
 329              		.loc 1 115 5 is_stmt 1 view .LVU84
 330 000a 034A     		ldr	r2, .L25
 331 000c D369     		ldr	r3, [r2, #28]
 332 000e 23F00103 		bic	r3, r3, #1
 333 0012 D361     		str	r3, [r2, #28]
 334              		.loc 1 120 1 is_stmt 0 view .LVU85
 335 0014 F8E7     		b	.L22
 336              	.L26:
 337 0016 00BF     		.align	2
 338              	.L25:
 339 0018 00100240 		.word	1073876992
ARM GAS  C:\Users\opatiny\AppData\Local\Temp\cc82qtAk.s 			page 10


 340              		.cfi_endproc
 341              	.LFE129:
 343              		.comm	htim2,64,4
 344              		.text
 345              	.Letext0:
 346              		.file 2 "c:\\vsarm\\armcc\\arm-none-eabi\\include\\machine\\_default_types.h"
 347              		.file 3 "c:\\vsarm\\armcc\\arm-none-eabi\\include\\sys\\_stdint.h"
 348              		.file 4 "Drivers/CMSIS/Include/core_cm4.h"
 349              		.file 5 "Drivers/CMSIS/Device/ST/STM32F3xx/Include/system_stm32f3xx.h"
 350              		.file 6 "Drivers/CMSIS/Device/ST/STM32F3xx/Include/stm32f303xe.h"
 351              		.file 7 "c:\\vsarm\\armcc\\arm-none-eabi\\include\\sys\\lock.h"
 352              		.file 8 "c:\\vsarm\\armcc\\arm-none-eabi\\include\\sys\\_types.h"
 353              		.file 9 "c:\\vsarm\\armcc\\lib\\gcc\\arm-none-eabi\\8.2.1\\include\\stddef.h"
 354              		.file 10 "c:\\vsarm\\armcc\\arm-none-eabi\\include\\sys\\reent.h"
 355              		.file 11 "Drivers/STM32F3xx_HAL_Driver/Inc/stm32f3xx_hal_def.h"
 356              		.file 12 "Drivers/STM32F3xx_HAL_Driver/Inc/stm32f3xx_hal_gpio.h"
 357              		.file 13 "Drivers/STM32F3xx_HAL_Driver/Inc/stm32f3xx_hal_dma.h"
 358              		.file 14 "Drivers/STM32F3xx_HAL_Driver/Inc/stm32f3xx_hal_tim.h"
 359              		.file 15 "Drivers/STM32F3xx_HAL_Driver/Inc/stm32f3xx_hal_tim_ex.h"
 360              		.file 16 "Drivers/STM32F3xx_HAL_Driver/Inc/stm32f3xx_hal.h"
 361              		.file 17 "Core/Inc/tim.h"
 362              		.file 18 "Core/Inc/main.h"
ARM GAS  C:\Users\opatiny\AppData\Local\Temp\cc82qtAk.s 			page 11


DEFINED SYMBOLS
                            *ABS*:00000000 tim.c
C:\Users\opatiny\AppData\Local\Temp\cc82qtAk.s:18     .text.HAL_TIM_PWM_MspInit:00000000 $t
C:\Users\opatiny\AppData\Local\Temp\cc82qtAk.s:26     .text.HAL_TIM_PWM_MspInit:00000000 HAL_TIM_PWM_MspInit
C:\Users\opatiny\AppData\Local\Temp\cc82qtAk.s:72     .text.HAL_TIM_MspPostInit:00000000 $t
C:\Users\opatiny\AppData\Local\Temp\cc82qtAk.s:79     .text.HAL_TIM_MspPostInit:00000000 HAL_TIM_MspPostInit
C:\Users\opatiny\AppData\Local\Temp\cc82qtAk.s:165    .text.MX_TIM2_Init:00000000 $t
C:\Users\opatiny\AppData\Local\Temp\cc82qtAk.s:172    .text.MX_TIM2_Init:00000000 MX_TIM2_Init
C:\Users\opatiny\AppData\Local\Temp\cc82qtAk.s:299    .text.MX_TIM2_Init:0000007c $d
                            *COM*:00000040 htim2
C:\Users\opatiny\AppData\Local\Temp\cc82qtAk.s:304    .text.HAL_TIM_PWM_MspDeInit:00000000 $t
C:\Users\opatiny\AppData\Local\Temp\cc82qtAk.s:311    .text.HAL_TIM_PWM_MspDeInit:00000000 HAL_TIM_PWM_MspDeInit
C:\Users\opatiny\AppData\Local\Temp\cc82qtAk.s:339    .text.HAL_TIM_PWM_MspDeInit:00000018 $d

UNDEFINED SYMBOLS
HAL_GPIO_Init
HAL_TIM_PWM_Init
HAL_TIMEx_MasterConfigSynchronization
HAL_TIM_PWM_ConfigChannel
Error_Handler
